# JRE version: OpenJDK Runtime Environment (17.0.6) (build 17.0.6+0-b2043.56-10027231)
# Java VM: OpenJDK 64-Bit Server VM (17.0.6+0-b2043.56-10027231, mixed mode, tiered, compressed oops, compressed class ptrs, g1 gc, windows-amd64)
GC Precious Log:
 CPUs: 8 total, 8 available
 Memory: 15743M
 Large Page Support: Disabled
 NUMA Support: Disabled
 Compressed Oops: Enabled (32-bit)
 Heap Region Size: 1M
 Heap Min Capacity: 8M
 Heap Initial Capacity: 246M
 Heap Max Capacity: 2G
 Pre-touch: Disabled
 Parallel Workers: 8
 Concurrent Workers: 2
 Concurrent Refinement Workers: 8
 Periodic GC: Disabled
Heap:
 garbage-first heap   total 182272K, used 113543K [0x0000000080000000, 0x0000000100000000)
  region size 1024K, 44 young (45056K), 10 survivors (10240K)
 Metaspace       used 92927K, committed 93504K, reserved 1130496K
  class space    used 12641K, committed 12928K, reserved 1048576K
GC Heap History (20 events):
Event: 25.432 GC heap before
{Heap before GC invocations=25 (full 0):
 garbage-first heap   total 97280K, used 74394K [0x0000000080000000, 0x0000000100000000)
  region size 1024K, 19 young (19456K), 1 survivors (1024K)
 Metaspace       used 59270K, committed 59776K, reserved 1105920K
  class space    used 7861K, committed 8128K, reserved 1048576K
}
Event: 25.435 GC heap after
{Heap after GC invocations=26 (full 0):
 garbage-first heap   total 97280K, used 56684K [0x0000000080000000, 0x0000000100000000)
  region size 1024K, 2 young (2048K), 2 survivors (2048K)
 Metaspace       used 59270K, committed 59776K, reserved 1105920K
  class space    used 7861K, committed 8128K, reserved 1048576K
}
Event: 26.491 GC heap before
{Heap before GC invocations=27 (full 0):
 garbage-first heap   total 99328K, used 75116K [0x0000000080000000, 0x0000000100000000)
  region size 1024K, 20 young (20480K), 2 survivors (2048K)
 Metaspace       used 62315K, committed 62848K, reserved 1105920K
  class space    used 8288K, committed 8512K, reserved 1048576K
}
Event: 26.495 GC heap after
{Heap after GC invocations=28 (full 0):
 garbage-first heap   total 99328K, used 57706K [0x0000000080000000, 0x0000000100000000)
  region size 1024K, 3 young (3072K), 3 survivors (3072K)
 Metaspace       used 62315K, committed 62848K, reserved 1105920K
  class space    used 8288K, committed 8512K, reserved 1048576K
}
Event: 26.528 GC heap before
{Heap before GC invocations=28 (full 0):
 garbage-first heap   total 99328K, used 58730K [0x0000000080000000, 0x0000000100000000)
  region size 1024K, 4 young (4096K), 3 survivors (3072K)
 Metaspace       used 62432K, committed 62976K, reserved 1105920K
  class space    used 8304K, committed 8576K, reserved 1048576K
}
Event: 26.532 GC heap after
{Heap after GC invocations=29 (full 0):
 garbage-first heap   total 99328K, used 57383K [0x0000000080000000, 0x0000000100000000)
  region size 1024K, 1 young (1024K), 1 survivors (1024K)
 Metaspace       used 62432K, committed 62976K, reserved 1105920K
  class space    used 8304K, committed 8576K, reserved 1048576K
}
Event: 27.146 GC heap before
{Heap before GC invocations=29 (full 0):
 garbage-first heap   total 99328K, used 85031K [0x0000000080000000, 0x0000000100000000)
  region size 1024K, 22 young (22528K), 1 survivors (1024K)
 Metaspace       used 64420K, committed 64896K, reserved 1105920K
  class space    used 8565K, committed 8768K, reserved 1048576K
}
Event: 27.150 GC heap after
{Heap after GC invocations=30 (full 0):
 garbage-first heap   total 99328K, used 60214K [0x0000000080000000, 0x0000000100000000)
  region size 1024K, 3 young (3072K), 3 survivors (3072K)
 Metaspace       used 64420K, committed 64896K, reserved 1105920K
  class space    used 8565K, committed 8768K, reserved 1048576K
}
Event: 27.868 GC heap before
{Heap before GC invocations=31 (full 0):
 garbage-first heap   total 106496K, used 78646K [0x0000000080000000, 0x0000000100000000)
  region size 1024K, 21 young (21504K), 3 survivors (3072K)
 Metaspace       used 66327K, committed 66816K, reserved 1114112K
  class space    used 8794K, committed 9024K, reserved 1048576K
}
Event: 27.873 GC heap after
{Heap after GC invocations=32 (full 0):
 garbage-first heap   total 106496K, used 61740K [0x0000000080000000, 0x0000000100000000)
  region size 1024K, 2 young (2048K), 2 survivors (2048K)
 Metaspace       used 66327K, committed 66816K, reserved 1114112K
  class space    used 8794K, committed 9024K, reserved 1048576K
}
Event: 27.953 GC heap before
{Heap before GC invocations=32 (full 0):
 garbage-first heap   total 106496K, used 64812K [0x0000000080000000, 0x0000000100000000)
  region size 1024K, 5 young (5120K), 2 survivors (2048K)
 Metaspace       used 66547K, committed 67008K, reserved 1114112K
  class space    used 8817K, committed 9024K, reserved 1048576K
}
Event: 27.956 GC heap after
{Heap after GC invocations=33 (full 0):
 garbage-first heap   total 106496K, used 61614K [0x0000000080000000, 0x0000000100000000)
  region size 1024K, 1 young (1024K), 1 survivors (1024K)
 Metaspace       used 66547K, committed 67008K, reserved 1114112K
  class space    used 8817K, committed 9024K, reserved 1048576K
}
Event: 28.798 GC heap before
{Heap before GC invocations=33 (full 0):
 garbage-first heap   total 106496K, used 85166K [0x0000000080000000, 0x0000000100000000)
  region size 1024K, 24 young (24576K), 1 survivors (1024K)
 Metaspace       used 68984K, committed 69568K, reserved 1114112K
  class space    used 9139K, committed 9408K, reserved 1048576K
}
Event: 28.802 GC heap after
{Heap after GC invocations=34 (full 0):
 garbage-first heap   total 182272K, used 63319K [0x0000000080000000, 0x0000000100000000)
  region size 1024K, 2 young (2048K), 2 survivors (2048K)
 Metaspace       used 68984K, committed 69568K, reserved 1114112K
  class space    used 9139K, committed 9408K, reserved 1048576K
}
Event: 32.223 GC heap before
{Heap before GC invocations=34 (full 0):
 garbage-first heap   total 182272K, used 141143K [0x0000000080000000, 0x0000000100000000)
  region size 1024K, 78 young (79872K), 2 survivors (2048K)
 Metaspace       used 75506K, committed 76096K, reserved 1122304K
  class space    used 9996K, committed 10304K, reserved 1048576K
}
Event: 32.235 GC heap after
{Heap after GC invocations=35 (full 0):
 garbage-first heap   total 182272K, used 70362K [0x0000000080000000, 0x0000000100000000)
  region size 1024K, 9 young (9216K), 9 survivors (9216K)
 Metaspace       used 75506K, committed 76096K, reserved 1122304K
  class space    used 9996K, committed 10304K, reserved 1048576K
}
Event: 35.122 GC heap before
{Heap before GC invocations=35 (full 0):
 garbage-first heap   total 182272K, used 143066K [0x0000000080000000, 0x0000000100000000)
  region size 1024K, 79 young (80896K), 9 survivors (9216K)
 Metaspace       used 82864K, committed 83456K, reserved 1122304K
  class space    used 11211K, committed 11520K, reserved 1048576K
}
Event: 35.134 GC heap after
{Heap after GC invocations=36 (full 0):
 garbage-first heap   total 182272K, used 74790K [0x0000000080000000, 0x0000000100000000)
  region size 1024K, 5 young (5120K), 5 survivors (5120K)
 Metaspace       used 82864K, committed 83456K, reserved 1122304K
  class space    used 11211K, committed 11520K, reserved 1048576K
}
Event: 37.860 GC heap before
{Heap before GC invocations=36 (full 0):
 garbage-first heap   total 182272K, used 144422K [0x0000000080000000, 0x0000000100000000)
  region size 1024K, 73 young (74752K), 5 survivors (5120K)
 Metaspace       used 91117K, committed 91712K, reserved 1130496K
  class space    used 12402K, committed 12672K, reserved 1048576K
}
Event: 37.875 GC heap after
{Heap after GC invocations=37 (full 0):
 garbage-first heap   total 182272K, used 79751K [0x0000000080000000, 0x0000000100000000)
  region size 1024K, 10 young (10240K), 10 survivors (10240K)
 Metaspace       used 91117K, committed 91712K, reserved 1130496K
  class space    used 12402K, committed 12672K, reserved 1048576K
}

